<?xml version="1.0" encoding="UTF-8"?>
<testsuite name="com.hotelreservationsystem.HotelReservationTest" tests="1" skipped="0" failures="0" errors="0" timestamp="2022-01-09T08:14:15" hostname="Srinaths-MacBook-Air.local" time="0.056">
  <properties/>
  <testcase name="givenHotelDetails_shouldReturnHighestRatedHotel()" classname="com.hotelreservationsystem.HotelReservationTest" time="0.056"/>
  <system-out><![CDATA[Successfully ADDED !!
Successfully ADDED !!
Successfully ADDED !!
Best Rated Hotel : 
Ridgewood, Total Rates: 370.0
]]></system-out>
  <system-err><![CDATA[]]></system-err>
</testsuite>
