<?xml version="1.0" encoding="UTF-8"?>
<testsuite name="com.hotelreservationsystem.HotelReservationTest" tests="1" skipped="0" failures="0" errors="0" timestamp="2022-01-07T05:35:37" hostname="Srinaths-MacBook-Air.local" time="0.04">
  <properties/>
  <testcase name="givenHotelDetails_shouldReturnCheapestHotel()" classname="com.hotelreservationsystem.HotelReservationTest" time="0.04"/>
  <system-out><![CDATA[Successfully ADDED !!
Successfully ADDED !!
]]></system-out>
  <system-err><![CDATA[]]></system-err>
</testsuite>
