<?xml version="1.0" encoding="UTF-8"?>
<testsuite name="com.hotelreservationsystem.HotelReservationTest" tests="1" skipped="0" failures="0" errors="0" timestamp="2022-01-07T08:27:00" hostname="Srinaths-MacBook-Air.local" time="0.029">
  <properties/>
  <testcase name="givenHotelList_WhenAdded_shouldReturnProperHotelRating()" classname="com.hotelreservationsystem.HotelReservationTest" time="0.029"/>
  <system-out><![CDATA[Successfully ADDED !!
]]></system-out>
  <system-err><![CDATA[]]></system-err>
</testsuite>
